<?xml version='1.0' encoding='UTF-8'?>
<testsuite hostname="pc-dev" name="FileSercher.MatcherTests" tests="8" errors="0" failures="0" time="0.182">
                     <properties>
[...]
</properties>
                     <testcase classname="FileSercher.MatcherTests" name="Matcher that is passed a file matching the filter should return a list with that file name" time="0.041">
                                                 
                                               </testcase><testcase classname="FileSercher.MatcherTests" name="Matcher using a directory containing one file matching the filter should return a list with that file name" time="0.005">
                                                 
                                               </testcase><testcase classname="FileSercher.MatcherTests" name="Matcher that is not passed a root file location should use the current location" time="0.0">
                                                 
                                               </testcase><testcase classname="FileSercher.MatcherTests" name="Matcher with sub folder checking a root location with two subtree files should return a list with those file names" time="0.002">
                                                 
                                               </testcase><testcase classname="FileSercher.MatcherTests" name="FilterChecker passed a file with content that matches the filter 3 times should return a 3" time="0.005">
                                                 
                                               </testcase><testcase classname="FileSercher.MatcherTests" name="FilterChecker passed a file with content that does not match the filter should return a 0" time="0.001">
                                                 
                                               </testcase><testcase classname="FileSercher.MatcherTests" name="Matcher given a path that has one file that matches file filter and content filter should return a list with that file name" time="0.082">
                                                 
                                               </testcase><testcase classname="FileSercher.MatcherTests" name="Matcher given a path that has no file that matches file filter and content filter should return an empty list" time="0.046">
                                                 
                                               </testcase>
                     <system-out></system-out>
                     <system-err></system-err>
                   </testsuite>