[0m[[0mdebug[0m] [0mRunning TaskDef(FileSercher.FilterCheckerTests, org.scalatest.tools.Framework$$anon$1@4afa18ed, false, [SuiteSelector])[0m
[0m[[0mdebug[0m] [0mRunning TaskDef(FileSercher.MatcherTests, org.scalatest.tools.Framework$$anon$1@4afa18ed, false, [SuiteSelector])[0m
[0m[[0mdebug[0m] [0mRunning TaskDef(ensat.ginf.TestList, org.scalatest.tools.Framework$$anon$1@4afa18ed, false, [SuiteSelector])[0m
[0m[[0minfo[0m] [0mScalaTest[0m
[0m[[0minfo[0m] [0m[36mRun completed in 429 milliseconds.[0m[0m
[0m[[0minfo[0m] [0m[36mTotal number of tests run: 11[0m[0m
[0m[[0minfo[0m] [0m[36mSuites: completed 3, aborted 0[0m[0m
[0m[[0minfo[0m] [0m[36mTests: succeeded 10, failed 1, canceled 0, ignored 0, pending 0[0m[0m
[0m[[0minfo[0m] [0m[31m*** 1 TEST FAILED ***[0m[0m
[0m[[0mdebug[0m] [0mSummary for JUnit not available.[0m
[0m[[31merror[0m] [0mFailed: Total 11, Failed 1, Errors 0, Passed 10[0m
[0m[[0mdebug[0m] [0mPassed tests:[0m
[0m[[0mdebug[0m] [0m	FileSercher.FilterCheckerTests[0m
[0m[[0mdebug[0m] [0m	FileSercher.MatcherTests[0m
[0m[[31merror[0m] [0mFailed tests:[0m
[0m[[31merror[0m] [0m	ensat.ginf.TestList[0m
[0m[[31merror[0m] [0m(test:[31mtest[0m) sbt.TestsFailedException: Tests unsuccessful[0m
